<?xml version='1.0' encoding='UTF-8'?>
<testsuite hostname="MarksBedRoom" name="actorbintree.BinaryTreeSuite" tests="4" errors="0" failures="1" skipped="0" time="5.099">
                     <properties>
[...]
</properties>
                     <testcase classname="actorbintree.BinaryTreeSuite" name="Insert" time="0.027">
                                                 
                                               </testcase><testcase classname="actorbintree.BinaryTreeSuite" name="proper inserts and lookups" time="0.003">
                                                 
                                               </testcase><testcase classname="actorbintree.BinaryTreeSuite" name="instruction example" time="0.024">
                                                 
                                               </testcase><testcase classname="actorbintree.BinaryTreeSuite" name="behave identically to built-in set (includes GC)" time="5.045">
                                                 <failure message="failure to receive confirmation 2/1000" type="org.scalatest.exceptions.TestFailedException">org.scalatest.exceptions.TestFailedException: failure to receive confirmation 2/1000
	at org.scalatest.Assertions$class.newAssertionFailedException(Assertions.scala:528)
	at actorbintree.BinaryTreeSuite.newAssertionFailedException(BinaryTreeSuite.scala:14)
	at org.scalatest.Assertions$class.fail(Assertions.scala:1105)
	at actorbintree.BinaryTreeSuite.fail(BinaryTreeSuite.scala:14)
	at actorbintree.BinaryTreeSuite$$anonfun$receiveN$1$$anonfun$4.apply(BinaryTreeSuite.scala:31)
	at actorbintree.BinaryTreeSuite$$anonfun$receiveN$1$$anonfun$4.apply(BinaryTreeSuite.scala:28)
	at scala.collection.TraversableLike$$anonfun$map$1.apply(TraversableLike.scala:234)
	at scala.collection.TraversableLike$$anonfun$map$1.apply(TraversableLike.scala:234)
	at scala.collection.immutable.Range.foreach(Range.scala:160)
	at scala.collection.TraversableLike$class.map(TraversableLike.scala:234)
	at scala.collection.AbstractTraversable.map(Traversable.scala:104)
	at actorbintree.BinaryTreeSuite$$anonfun$receiveN$1.apply$mcV$sp(BinaryTreeSuite.scala:28)
	at actorbintree.BinaryTreeSuite$$anonfun$receiveN$1.apply(BinaryTreeSuite.scala:27)
	at actorbintree.BinaryTreeSuite$$anonfun$receiveN$1.apply(BinaryTreeSuite.scala:27)
	at akka.testkit.TestKitBase$class.within(TestKit.scala:360)
	at akka.testkit.TestKit.within(TestKit.scala:896)
	at akka.testkit.TestKitBase$class.within(TestKit.scala:374)
	at akka.testkit.TestKit.within(TestKit.scala:896)
	at actorbintree.BinaryTreeSuite.receiveN(BinaryTreeSuite.scala:27)
	at actorbintree.BinaryTreeSuite$$anonfun$3.apply$mcV$sp(BinaryTreeSuite.scala:146)
	at actorbintree.BinaryTreeSuite$$anonfun$3.apply(BinaryTreeSuite.scala:105)
	at actorbintree.BinaryTreeSuite$$anonfun$3.apply(BinaryTreeSuite.scala:105)
	at org.scalatest.OutcomeOf$class.outcomeOf(OutcomeOf.scala:85)
	at org.scalatest.OutcomeOf$.outcomeOf(OutcomeOf.scala:104)
	at org.scalatest.Transformer.apply(Transformer.scala:22)
	at org.scalatest.Transformer.apply(Transformer.scala:20)
	at org.scalatest.FunSuiteLike$$anon$1.apply(FunSuiteLike.scala:186)
	at org.scalatest.TestSuite$class.withFixture(TestSuite.scala:196)
	at actorbintree.BinaryTreeSuite.withFixture(BinaryTreeSuite.scala:14)
	at org.scalatest.FunSuiteLike$class.invokeWithFixture$1(FunSuiteLike.scala:183)
	at org.scalatest.FunSuiteLike$$anonfun$runTest$1.apply(FunSuiteLike.scala:196)
	at org.scalatest.FunSuiteLike$$anonfun$runTest$1.apply(FunSuiteLike.scala:196)
	at org.scalatest.SuperEngine.runTestImpl(Engine.scala:289)
	at org.scalatest.FunSuiteLike$class.runTest(FunSuiteLike.scala:196)
	at actorbintree.BinaryTreeSuite.runTest(BinaryTreeSuite.scala:14)
	at org.scalatest.FunSuiteLike$$anonfun$runTests$1.apply(FunSuiteLike.scala:229)
	at org.scalatest.FunSuiteLike$$anonfun$runTests$1.apply(FunSuiteLike.scala:229)
	at org.scalatest.SuperEngine$$anonfun$traverseSubNodes$1$1.apply(Engine.scala:396)
	at org.scalatest.SuperEngine$$anonfun$traverseSubNodes$1$1.apply(Engine.scala:384)
	at scala.collection.immutable.List.foreach(List.scala:392)
	at org.scalatest.SuperEngine.traverseSubNodes$1(Engine.scala:384)
	at org.scalatest.SuperEngine.org$scalatest$SuperEngine$$runTestsInBranch(Engine.scala:379)
	at org.scalatest.SuperEngine.runTestsImpl(Engine.scala:461)
	at org.scalatest.FunSuiteLike$class.runTests(FunSuiteLike.scala:229)
	at actorbintree.BinaryTreeSuite.runTests(BinaryTreeSuite.scala:14)
	at org.scalatest.Suite$class.run(Suite.scala:1147)
	at actorbintree.BinaryTreeSuite.org$scalatest$FunSuiteLike$$super$run(BinaryTreeSuite.scala:14)
	at org.scalatest.FunSuiteLike$$anonfun$run$1.apply(FunSuiteLike.scala:233)
	at org.scalatest.FunSuiteLike$$anonfun$run$1.apply(FunSuiteLike.scala:233)
	at org.scalatest.SuperEngine.runImpl(Engine.scala:521)
	at org.scalatest.FunSuiteLike$class.run(FunSuiteLike.scala:233)
	at actorbintree.BinaryTreeSuite.org$scalatest$BeforeAndAfterAll$$super$run(BinaryTreeSuite.scala:14)
	at org.scalatest.BeforeAndAfterAll$class.liftedTree1$1(BeforeAndAfterAll.scala:213)
	at org.scalatest.BeforeAndAfterAll$class.run(BeforeAndAfterAll.scala:210)
	at actorbintree.BinaryTreeSuite.run(BinaryTreeSuite.scala:14)
	at org.scalatest.tools.Framework.org$scalatest$tools$Framework$$runSuite(Framework.scala:314)
	at org.scalatest.tools.Framework$ScalaTestTask.execute(Framework.scala:480)
	at sbt.TestRunner.runTest$1(TestFramework.scala:106)
	at sbt.TestRunner.run(TestFramework.scala:117)
	at sbt.TestFramework$$anon$2$$anonfun$$lessinit$greater$1.$anonfun$apply$1(TestFramework.scala:262)
	at sbt.TestFramework$.sbt$TestFramework$$withContextLoader(TestFramework.scala:233)
	at sbt.TestFramework$$anon$2$$anonfun$$lessinit$greater$1.apply(TestFramework.scala:262)
	at sbt.TestFramework$$anon$2$$anonfun$$lessinit$greater$1.apply(TestFramework.scala:262)
	at sbt.TestFunction.apply(TestFramework.scala:271)
	at sbt.Tests$.processRunnable$1(Tests.scala:307)
	at sbt.Tests$.$anonfun$makeSerial$1(Tests.scala:313)
	at sbt.std.Transform$$anon$3.$anonfun$apply$2(System.scala:46)
	at sbt.std.Transform$$anon$4.work(System.scala:66)
	at sbt.Execute.$anonfun$submit$2(Execute.scala:263)
	at sbt.internal.util.ErrorHandling$.wideConvert(ErrorHandling.scala:16)
	at sbt.Execute.work(Execute.scala:272)
	at sbt.Execute.$anonfun$submit$1(Execute.scala:263)
	at sbt.ConcurrentRestrictions$$anon$4.$anonfun$submitValid$1(ConcurrentRestrictions.scala:174)
	at sbt.CompletionService$$anon$2.call(CompletionService.scala:37)
	at java.util.concurrent.FutureTask.run(Unknown Source)
	at java.util.concurrent.Executors$RunnableAdapter.call(Unknown Source)
	at java.util.concurrent.FutureTask.run(Unknown Source)
	at java.util.concurrent.ThreadPoolExecutor.runWorker(Unknown Source)
	at java.util.concurrent.ThreadPoolExecutor$Worker.run(Unknown Source)
	at java.lang.Thread.run(Unknown Source)
Caused by: java.lang.AssertionError: assertion failed: timeout (4999902496 nanoseconds) during expectMsgClass waiting for interface actorbintree.BinaryTreeSet$OperationReply
	at scala.Predef$.assert(Predef.scala:170)
	at akka.testkit.TestKitBase$class.expectMsgClass_internal(TestKit.scala:509)
	at akka.testkit.TestKitBase$class.expectMsgType(TestKit.scala:482)
	at akka.testkit.TestKit.expectMsgType(TestKit.scala:896)
	at actorbintree.BinaryTreeSuite$$anonfun$receiveN$1$$anonfun$4.apply(BinaryTreeSuite.scala:29)
	... 75 more
</failure>
                                               </testcase>
                     <system-out><![CDATA[]]></system-out>
                     <system-err><![CDATA[]]></system-err>
                   </testsuite>